
  .   ____          _            __ _ _
 /\\ / ___'_ __ _ _(_)_ __  __ _ \ \ \ \
( ( )\___ | '_ | '_| | '_ \/ _` | \ \ \ \
 \\/  ___)| |_)| | | | | || (_| |  ) ) ) )
  '  |____| .__|_| |_|_| |_\__, | / / / /
 =========|_|==============|___/=/_/_/_/
 :: Spring Boot ::                (v3.1.3)

2023-10-19T02:01:40.171Z  INFO 8854 --- [           main] com.coolfunclub.dms.DmsApplication       : Starting DmsApplication v0.0.1-SNAPSHOT using Java 17.0.8.1 with PID 8854 (/home/ec2-user/dms/dms/dms/target/dms-0.0.1-SNAPSHOT.jar started by ec2-user in /home/ec2-user/dms/dms)
2023-10-19T02:01:40.182Z  INFO 8854 --- [           main] com.coolfunclub.dms.DmsApplication       : No active profile set, falling back to 1 default profile: "default"
2023-10-19T02:01:41.972Z  INFO 8854 --- [           main] .s.d.r.c.RepositoryConfigurationDelegate : Bootstrapping Spring Data JPA repositories in DEFAULT mode.
2023-10-19T02:01:42.124Z  INFO 8854 --- [           main] .s.d.r.c.RepositoryConfigurationDelegate : Finished Spring Data repository scanning in 136 ms. Found 4 JPA repository interfaces.
2023-10-19T02:01:43.591Z  INFO 8854 --- [           main] o.s.b.w.embedded.tomcat.TomcatWebServer  : Tomcat initialized with port(s): 8080 (http)
2023-10-19T02:01:43.611Z  INFO 8854 --- [           main] o.apache.catalina.core.StandardService   : Starting service [Tomcat]
2023-10-19T02:01:43.611Z  INFO 8854 --- [           main] o.apache.catalina.core.StandardEngine    : Starting Servlet engine: [Apache Tomcat/10.1.12]
2023-10-19T02:01:43.907Z  INFO 8854 --- [           main] o.a.c.c.C.[Tomcat].[localhost].[/]       : Initializing Spring embedded WebApplicationContext
2023-10-19T02:01:43.909Z  INFO 8854 --- [           main] w.s.c.ServletWebServerApplicationContext : Root WebApplicationContext: initialization completed in 3603 ms
2023-10-19T02:01:44.026Z  INFO 8854 --- [           main] com.zaxxer.hikari.HikariDataSource       : HikariPool-1 - Starting...
2023-10-19T02:01:44.531Z  INFO 8854 --- [           main] com.zaxxer.hikari.pool.HikariPool        : HikariPool-1 - Added connection conn0: url=jdbc:h2:file:./dms user=
2023-10-19T02:01:44.532Z  INFO 8854 --- [           main] com.zaxxer.hikari.HikariDataSource       : HikariPool-1 - Start completed.
2023-10-19T02:01:44.570Z  INFO 8854 --- [           main] o.s.b.a.h2.H2ConsoleAutoConfiguration    : H2 console available at '/h2-console'. Database available at 'jdbc:h2:file:./dms'
2023-10-19T02:01:45.364Z  INFO 8854 --- [           main] o.hibernate.jpa.internal.util.LogHelper  : HHH000204: Processing PersistenceUnitInfo [name: default]
2023-10-19T02:01:45.486Z  INFO 8854 --- [           main] org.hibernate.Version                    : HHH000412: Hibernate ORM core version 6.2.7.Final
2023-10-19T02:01:45.488Z  INFO 8854 --- [           main] org.hibernate.cfg.Environment            : HHH000406: Using bytecode reflection optimizer
2023-10-19T02:01:45.830Z  INFO 8854 --- [           main] o.h.b.i.BytecodeProviderInitiator        : HHH000021: Bytecode provider name : bytebuddy
2023-10-19T02:01:46.103Z  INFO 8854 --- [           main] o.s.o.j.p.SpringPersistenceUnitInfo      : No LoadTimeWeaver setup: ignoring JPA class transformer
2023-10-19T02:01:46.607Z  INFO 8854 --- [           main] o.h.b.i.BytecodeProviderInitiator        : HHH000021: Bytecode provider name : bytebuddy
2023-10-19T02:01:47.498Z  INFO 8854 --- [           main] o.h.m.i.EntityInstantiatorPojoStandard   : HHH000182: No default (no-argument) constructor for class: com.coolfunclub.dms.model.Customer (class must be instantiated by Interceptor)
2023-10-19T02:01:47.586Z  INFO 8854 --- [           main] o.h.m.i.EntityInstantiatorPojoStandard   : HHH000182: No default (no-argument) constructor for class: com.coolfunclub.dms.model.Manager (class must be instantiated by Interceptor)
2023-10-19T02:01:47.642Z  INFO 8854 --- [           main] o.h.m.i.EntityInstantiatorPojoStandard   : HHH000182: No default (no-argument) constructor for class: com.coolfunclub.dms.model.SalesRep (class must be instantiated by Interceptor)
2023-10-19T02:01:47.985Z  INFO 8854 --- [           main] o.h.e.t.j.p.i.JtaPlatformInitiator       : HHH000490: Using JtaPlatform implementation: [org.hibernate.engine.transaction.jta.platform.internal.NoJtaPlatform]
2023-10-19T02:01:48.110Z  INFO 8854 --- [           main] j.LocalContainerEntityManagerFactoryBean : Initialized JPA EntityManagerFactory for persistence unit 'default'
2023-10-19T02:01:48.900Z  WARN 8854 --- [           main] JpaBaseConfiguration$JpaWebConfiguration : spring.jpa.open-in-view is enabled by default. Therefore, database queries may be performed during view rendering. Explicitly configure spring.jpa.open-in-view to disable this warning
2023-10-19T02:01:49.739Z  INFO 8854 --- [           main] o.s.b.w.embedded.tomcat.TomcatWebServer  : Tomcat started on port(s): 8080 (http) with context path ''
2023-10-19T02:01:49.783Z  INFO 8854 --- [           main] com.coolfunclub.dms.DmsApplication       : Started DmsApplication in 10.671 seconds (process running for 11.907)
2023-10-19T02:01:49.916Z  INFO 8854 --- [nio-8080-exec-1] o.a.c.c.C.[Tomcat].[localhost].[/]       : Initializing Spring DispatcherServlet 'dispatcherServlet'
2023-10-19T02:01:49.916Z  INFO 8854 --- [nio-8080-exec-1] o.s.web.servlet.DispatcherServlet        : Initializing Servlet 'dispatcherServlet'
2023-10-19T02:01:49.918Z  INFO 8854 --- [nio-8080-exec-1] o.s.web.servlet.DispatcherServlet        : Completed initialization in 2 ms
2023-10-19T10:01:04.014Z  INFO 8854 --- [nio-8080-exec-9] o.apache.coyote.http11.Http11Processor   : Error parsing HTTP request header
 Note: further occurrences of HTTP request parsing errors will be logged at DEBUG level.

java.lang.IllegalArgumentException: Invalid character found in method name [0x160x030x010x000xee0x010x000x000xea0x030x03er0x1e:0xbd0xb30xec0xf5{YO!a0xb8o0x920x8d0x080xad0xc80xc20x0e0x920xd9,j^0x914!0xae[ ]. HTTP method names must be tokens
	at org.apache.coyote.http11.Http11InputBuffer.parseRequestLine(Http11InputBuffer.java:407) ~[tomcat-embed-core-10.1.12.jar!/:na]
	at org.apache.coyote.http11.Http11Processor.service(Http11Processor.java:264) ~[tomcat-embed-core-10.1.12.jar!/:na]
	at org.apache.coyote.AbstractProcessorLight.process(AbstractProcessorLight.java:63) ~[tomcat-embed-core-10.1.12.jar!/:na]
	at org.apache.coyote.AbstractProtocol$ConnectionHandler.process(AbstractProtocol.java:894) ~[tomcat-embed-core-10.1.12.jar!/:na]
	at org.apache.tomcat.util.net.NioEndpoint$SocketProcessor.doRun(NioEndpoint.java:1740) ~[tomcat-embed-core-10.1.12.jar!/:na]
	at org.apache.tomcat.util.net.SocketProcessorBase.run(SocketProcessorBase.java:52) ~[tomcat-embed-core-10.1.12.jar!/:na]
	at org.apache.tomcat.util.threads.ThreadPoolExecutor.runWorker(ThreadPoolExecutor.java:1191) ~[tomcat-embed-core-10.1.12.jar!/:na]
	at org.apache.tomcat.util.threads.ThreadPoolExecutor$Worker.run(ThreadPoolExecutor.java:659) ~[tomcat-embed-core-10.1.12.jar!/:na]
	at org.apache.tomcat.util.threads.TaskThread$WrappingRunnable.run(TaskThread.java:61) ~[tomcat-embed-core-10.1.12.jar!/:na]
	at java.base/java.lang.Thread.run(Thread.java:833) ~[na:na]

2023-10-20T10:05:56.513Z  INFO 8854 --- [nio-8080-exec-5] o.apache.coyote.http11.Http11Processor   : Error parsing HTTP request header
 Note: further occurrences of HTTP request parsing errors will be logged at DEBUG level.

java.lang.IllegalArgumentException: Invalid character found in method name [0x160x030x010x00{0x010x000x00w0x030x030x1b0x930xb20xbb0x880x1c0x1a0x140x820xcf0xa50xcd0xac+a0x1f0x180x830x1bZ0xcc{A0xa90xae0x930x17K0xdf{0x96:0x000x000x1a0xc0/0xc0+0xc00x110xc00x070xc00x130xc00x090xc00x140xc00x0a0x000x050x00/0x0050xc00x120x000x0a0x010x000x0040x000x050x000x050x010x000x000x000x000x000x0a0x000x080x000x060x000x170x000x180x000x190x000x0b0x000x020x010x000x000x0d0x000x100x000x0e0x040x010x040x030x020x010x020x030x040x010x050x010x060x010xff0x010x000x010x00...]. HTTP method names must be tokens
	at org.apache.coyote.http11.Http11InputBuffer.parseRequestLine(Http11InputBuffer.java:407) ~[tomcat-embed-core-10.1.12.jar!/:na]
	at org.apache.coyote.http11.Http11Processor.service(Http11Processor.java:264) ~[tomcat-embed-core-10.1.12.jar!/:na]
	at org.apache.coyote.AbstractProcessorLight.process(AbstractProcessorLight.java:63) ~[tomcat-embed-core-10.1.12.jar!/:na]
	at org.apache.coyote.AbstractProtocol$ConnectionHandler.process(AbstractProtocol.java:894) ~[tomcat-embed-core-10.1.12.jar!/:na]
	at org.apache.tomcat.util.net.NioEndpoint$SocketProcessor.doRun(NioEndpoint.java:1740) ~[tomcat-embed-core-10.1.12.jar!/:na]
	at org.apache.tomcat.util.net.SocketProcessorBase.run(SocketProcessorBase.java:52) ~[tomcat-embed-core-10.1.12.jar!/:na]
	at org.apache.tomcat.util.threads.ThreadPoolExecutor.runWorker(ThreadPoolExecutor.java:1191) ~[tomcat-embed-core-10.1.12.jar!/:na]
	at org.apache.tomcat.util.threads.ThreadPoolExecutor$Worker.run(ThreadPoolExecutor.java:659) ~[tomcat-embed-core-10.1.12.jar!/:na]
	at org.apache.tomcat.util.threads.TaskThread$WrappingRunnable.run(TaskThread.java:61) ~[tomcat-embed-core-10.1.12.jar!/:na]
	at java.base/java.lang.Thread.run(Thread.java:833) ~[na:na]

2023-10-21T10:34:24.286Z  INFO 8854 --- [nio-8080-exec-7] o.apache.coyote.http11.Http11Processor   : Error parsing HTTP request header
 Note: further occurrences of HTTP request parsing errors will be logged at DEBUG level.

java.lang.IllegalArgumentException: The HTTP header line [0x0dHost: 127.0.0.1] does not conform to RFC 7230. The request has been rejected.
	at org.apache.coyote.http11.Http11InputBuffer.skipLine(Http11InputBuffer.java:1074) ~[tomcat-embed-core-10.1.12.jar!/:na]
	at org.apache.coyote.http11.Http11InputBuffer.parseHeader(Http11InputBuffer.java:905) ~[tomcat-embed-core-10.1.12.jar!/:na]
	at org.apache.coyote.http11.Http11InputBuffer.parseHeaders(Http11InputBuffer.java:591) ~[tomcat-embed-core-10.1.12.jar!/:na]
	at org.apache.coyote.http11.Http11Processor.service(Http11Processor.java:287) ~[tomcat-embed-core-10.1.12.jar!/:na]
	at org.apache.coyote.AbstractProcessorLight.process(AbstractProcessorLight.java:63) ~[tomcat-embed-core-10.1.12.jar!/:na]
	at org.apache.coyote.AbstractProtocol$ConnectionHandler.process(AbstractProtocol.java:894) ~[tomcat-embed-core-10.1.12.jar!/:na]
	at org.apache.tomcat.util.net.NioEndpoint$SocketProcessor.doRun(NioEndpoint.java:1740) ~[tomcat-embed-core-10.1.12.jar!/:na]
	at org.apache.tomcat.util.net.SocketProcessorBase.run(SocketProcessorBase.java:52) ~[tomcat-embed-core-10.1.12.jar!/:na]
	at org.apache.tomcat.util.threads.ThreadPoolExecutor.runWorker(ThreadPoolExecutor.java:1191) ~[tomcat-embed-core-10.1.12.jar!/:na]
	at org.apache.tomcat.util.threads.ThreadPoolExecutor$Worker.run(ThreadPoolExecutor.java:659) ~[tomcat-embed-core-10.1.12.jar!/:na]
	at org.apache.tomcat.util.threads.TaskThread$WrappingRunnable.run(TaskThread.java:61) ~[tomcat-embed-core-10.1.12.jar!/:na]
	at java.base/java.lang.Thread.run(Thread.java:833) ~[na:na]


  .   ____          _            __ _ _
 /\\ / ___'_ __ _ _(_)_ __  __ _ \ \ \ \
( ( )\___ | '_ | '_| | '_ \/ _` | \ \ \ \
 \\/  ___)| |_)| | | | | || (_| |  ) ) ) )
  '  |____| .__|_| |_|_| |_\__, | / / / /
 =========|_|==============|___/=/_/_/_/
 :: Spring Boot ::                (v3.1.3)

2023-10-23T07:21:10.930Z  INFO 259374 --- [           main] com.coolfunclub.dms.DmsApplication       : Starting DmsApplication v0.0.1-SNAPSHOT using Java 17.0.8.1 with PID 259374 (/home/ec2-user/dms/dms/dms/target/dms-0.0.1-SNAPSHOT.jar started by ec2-user in /home/ec2-user/dms/dms)
2023-10-23T07:21:10.934Z  INFO 259374 --- [           main] com.coolfunclub.dms.DmsApplication       : No active profile set, falling back to 1 default profile: "default"
2023-10-23T07:21:12.732Z  INFO 259374 --- [           main] .s.d.r.c.RepositoryConfigurationDelegate : Bootstrapping Spring Data JPA repositories in DEFAULT mode.
2023-10-23T07:21:12.889Z  INFO 259374 --- [           main] .s.d.r.c.RepositoryConfigurationDelegate : Finished Spring Data repository scanning in 140 ms. Found 4 JPA repository interfaces.
2023-10-23T07:21:14.449Z  INFO 259374 --- [           main] o.s.b.w.embedded.tomcat.TomcatWebServer  : Tomcat initialized with port(s): 8080 (http)
2023-10-23T07:21:14.488Z  INFO 259374 --- [           main] o.apache.catalina.core.StandardService   : Starting service [Tomcat]
2023-10-23T07:21:14.488Z  INFO 259374 --- [           main] o.apache.catalina.core.StandardEngine    : Starting Servlet engine: [Apache Tomcat/10.1.12]
2023-10-23T07:21:14.795Z  INFO 259374 --- [           main] o.a.c.c.C.[Tomcat].[localhost].[/]       : Initializing Spring embedded WebApplicationContext
2023-10-23T07:21:14.798Z  INFO 259374 --- [           main] w.s.c.ServletWebServerApplicationContext : Root WebApplicationContext: initialization completed in 3729 ms
2023-10-23T07:21:14.911Z  INFO 259374 --- [           main] com.zaxxer.hikari.HikariDataSource       : HikariPool-1 - Starting...
2023-10-23T07:21:15.497Z  INFO 259374 --- [           main] com.zaxxer.hikari.pool.HikariPool        : HikariPool-1 - Added connection conn0: url=jdbc:h2:file:./dms user=
2023-10-23T07:21:15.500Z  INFO 259374 --- [           main] com.zaxxer.hikari.HikariDataSource       : HikariPool-1 - Start completed.
2023-10-23T07:21:15.526Z  INFO 259374 --- [           main] o.s.b.a.h2.H2ConsoleAutoConfiguration    : H2 console available at '/h2-console'. Database available at 'jdbc:h2:file:./dms'
2023-10-23T07:21:16.332Z  INFO 259374 --- [           main] o.hibernate.jpa.internal.util.LogHelper  : HHH000204: Processing PersistenceUnitInfo [name: default]
2023-10-23T07:21:16.444Z  INFO 259374 --- [           main] org.hibernate.Version                    : HHH000412: Hibernate ORM core version 6.2.7.Final
2023-10-23T07:21:16.451Z  INFO 259374 --- [           main] org.hibernate.cfg.Environment            : HHH000406: Using bytecode reflection optimizer
2023-10-23T07:21:16.776Z  INFO 259374 --- [           main] o.h.b.i.BytecodeProviderInitiator        : HHH000021: Bytecode provider name : bytebuddy
2023-10-23T07:21:17.065Z  INFO 259374 --- [           main] o.s.o.j.p.SpringPersistenceUnitInfo      : No LoadTimeWeaver setup: ignoring JPA class transformer
2023-10-23T07:21:17.596Z  INFO 259374 --- [           main] o.h.b.i.BytecodeProviderInitiator        : HHH000021: Bytecode provider name : bytebuddy
2023-10-23T07:21:19.135Z  INFO 259374 --- [           main] o.h.e.t.j.p.i.JtaPlatformInitiator       : HHH000490: Using JtaPlatform implementation: [org.hibernate.engine.transaction.jta.platform.internal.NoJtaPlatform]
2023-10-23T07:21:19.302Z  INFO 259374 --- [           main] j.LocalContainerEntityManagerFactoryBean : Initialized JPA EntityManagerFactory for persistence unit 'default'
2023-10-23T07:21:20.235Z  WARN 259374 --- [           main] JpaBaseConfiguration$JpaWebConfiguration : spring.jpa.open-in-view is enabled by default. Therefore, database queries may be performed during view rendering. Explicitly configure spring.jpa.open-in-view to disable this warning
2023-10-23T07:21:20.994Z  WARN 259374 --- [           main] ConfigServletWebServerApplicationContext : Exception encountered during context initialization - cancelling refresh attempt: org.springframework.context.ApplicationContextException: Failed to start bean 'webServerStartStop'
2023-10-23T07:21:21.001Z  INFO 259374 --- [           main] j.LocalContainerEntityManagerFactoryBean : Closing JPA EntityManagerFactory for persistence unit 'default'
2023-10-23T07:21:21.004Z  INFO 259374 --- [           main] com.zaxxer.hikari.HikariDataSource       : HikariPool-1 - Shutdown initiated...
2023-10-23T07:21:21.034Z  INFO 259374 --- [           main] com.zaxxer.hikari.HikariDataSource       : HikariPool-1 - Shutdown completed.
2023-10-23T07:21:21.035Z  INFO 259374 --- [           main] o.apache.catalina.core.StandardService   : Stopping service [Tomcat]
2023-10-23T07:21:21.070Z  INFO 259374 --- [           main] .s.b.a.l.ConditionEvaluationReportLogger : 

Error starting ApplicationContext. To display the condition evaluation report re-run your application with 'debug' enabled.
2023-10-23T07:21:21.112Z ERROR 259374 --- [           main] o.s.b.d.LoggingFailureAnalysisReporter   : 

***************************
APPLICATION FAILED TO START
***************************

Description:

Web server failed to start. Port 8080 was already in use.

Action:

Identify and stop the process that's listening on port 8080 or configure this application to listen on another port.

